<?xml version="1.0" encoding="UTF-8"?>
<!-- Generated by org.testng.reporters.JUnitXMLReporter -->
<testsuite ignored="1" hostname="Nikhil" failures="0" tests="2" name="Default test" time="24.682" errors="0" timestamp="2026-01-04T00:58:39 IST">
  <testcase classname="rahulshettyacademy.tests.SubmitOrderTestF" name="SubmitOrder" time="5.513"/>
  <testcase classname="rahulshettyacademy.tests.SubmitOrderTestF" name="SubmitOrder" time="5.486"/>
  <testcase classname="rahulshettyacademy.tests.SubmitOrderTestF" name="OrderHistoryPage" time="0.0">
    <ignored/>
  </testcase> <!-- OrderHistoryPage -->
</testsuite> <!-- Default test -->
