<?xml version="1.0" encoding="UTF-8"?>
<!-- Generated by org.testng.reporters.JUnitXMLReporter -->
<testsuite ignored="0" hostname="Nikhil" failures="1" tests="3" name="ErrorValidationTestF" time="20.658" errors="0" timestamp="2026-01-04T18:47:57 IST">
  <testcase classname="rahulshettyacademy.tests.ErrorValidationTestF" name="LoginValidation" time="0.612">
    <skipped/>
  </testcase> <!-- LoginValidation -->
  <testcase classname="rahulshettyacademy.tests.ErrorValidationTestF" name="LoginValidation" time="0.599">
    <failure type="java.lang.AssertionError" message="expected [Incorrect email or password.] but found [Incorrect email123 or password.]">
      <![CDATA[java.lang.AssertionError: expected [Incorrect email or password.] but found [Incorrect email123 or password.]
at rahulshettyacademy.tests.ErrorValidationTestF.LoginValidation(ErrorValidationTestF.java:32)
at java.base/java.util.ArrayList.forEach(ArrayList.java:1596)
... Removed 31 stack frames]]>
    </failure>
  </testcase> <!-- LoginValidation -->
  <testcase classname="rahulshettyacademy.tests.ErrorValidationTestF" name="submitOrderValidation" time="4.337"/>
</testsuite> <!-- ErrorValidationTestF -->
