<?xml version="1.0" encoding="UTF-8"?>
<!-- Generated by org.testng.reporters.JUnitXMLReporter -->
<testsuite ignored="1" hostname="Nikhil" failures="0" tests="2" name="SubmitOrderTestF" time="29.145" errors="0" timestamp="2026-01-04T18:47:37 IST">
  <testcase classname="rahulshettyacademy.tests.SubmitOrderTestF" name="SubmitOrder" time="5.575"/>
  <testcase classname="rahulshettyacademy.tests.SubmitOrderTestF" name="SubmitOrder" time="5.527"/>
  <testcase classname="rahulshettyacademy.tests.SubmitOrderTestF" name="OrderHistoryPage" time="0.0">
    <ignored/>
  </testcase> <!-- OrderHistoryPage -->
</testsuite> <!-- SubmitOrderTestF -->
