<?xml version="1.0" encoding="UTF-8"?>
<!-- Generated by org.testng.reporters.JUnitXMLReporter -->
<testsuite ignored="0" hostname="Nikhil" failures="0" tests="2" name="ErrorValidationTestF" time="15.758" errors="0" timestamp="2026-01-04T23:09:52 IST">
  <testcase classname="rahulshettyacademy.tests.ErrorValidationTestF" name="LoginValidation" time="0.839"/>
  <testcase classname="rahulshettyacademy.tests.ErrorValidationTestF" name="submitOrderValidation" time="4.67"/>
</testsuite> <!-- ErrorValidationTestF -->
