<?xml version="1.0" encoding="UTF-8"?>
<!-- Generated by org.testng.reporters.JUnitXMLReporter -->
<testsuite ignored="1" hostname="Nikhil" failures="0" tests="2" name="SubmitOrderTestF" time="25.924" errors="0" timestamp="2026-01-06T00:40:48 IST">
  <testcase classname="rahulshettyacademy.tests.SubmitOrderTestF" name="SubmitOrder" time="8.053"/>
  <testcase classname="rahulshettyacademy.tests.SubmitOrderTestF" name="SubmitOrder" time="8.338"/>
  <testcase classname="rahulshettyacademy.tests.SubmitOrderTestF" name="OrderHistoryPage" time="0.0">
    <ignored/>
  </testcase> <!-- OrderHistoryPage -->
</testsuite> <!-- SubmitOrderTestF -->
