<?xml version="1.0" encoding="UTF-8"?>
<testng-results ignored="1" total="5" passed="4" failed="0" skipped="0">
  <reporter-output>
  </reporter-output>
  <suite started-at="2026-01-04T23:09:09 IST" name="Suite" finished-at="2026-01-04T23:09:52 IST" duration-ms="42538">
    <groups>
      <group name="errorhandling">
        <method signature="ErrorValidationTestF.LoginValidation()[pri:0, instance:rahulshettyacademy.tests.ErrorValidationTestF@5e2c3d18]" name="LoginValidation" class="rahulshettyacademy.tests.ErrorValidationTestF"/>
      </group> <!-- errorhandling -->
      <group name="purchase">
        <method signature="SubmitOrderTestF.SubmitOrder(java.util.HashMap)[pri:0, instance:rahulshettyacademy.tests.SubmitOrderTestF@1a6d8329]" name="SubmitOrder" class="rahulshettyacademy.tests.SubmitOrderTestF"/>
      </group> <!-- purchase -->
    </groups>
    <test started-at="2026-01-04T23:09:09 IST" name="SubmitOrderTestF" finished-at="2026-01-04T23:09:35 IST" duration-ms="25812">
      <class name="rahulshettyacademy.tests.SubmitOrderTestF">
        <test-method is-config="true" signature="launchApplication()[pri:0, instance:rahulshettyacademy.tests.SubmitOrderTestF@1a6d8329]" started-at="2026-01-04T23:09:10 IST" name="launchApplication" finished-at="2026-01-04T23:09:18 IST" duration-ms="7921" status="PASS">
          <reporter-output>
          </reporter-output>
        </test-method> <!-- launchApplication -->
        <test-method signature="SubmitOrder(java.util.HashMap)[pri:0, instance:rahulshettyacademy.tests.SubmitOrderTestF@1a6d8329]" started-at="2026-01-04T23:09:18 IST" name="SubmitOrder" data-provider="getData" finished-at="2026-01-04T23:09:24 IST" duration-ms="6102" status="PASS">
          <params>
            <param index="0">
              <value>
                <![CDATA[{pass=Nikhil@6799, productname=ZARA COAT 3, email=Nikhil6799@gmail.com}]]>
              </value>
            </param>
          </params>
          <reporter-output>
          </reporter-output>
        </test-method> <!-- SubmitOrder -->
        <test-method is-config="true" signature="teardown()[pri:0, instance:rahulshettyacademy.tests.SubmitOrderTestF@1a6d8329]" started-at="2026-01-04T23:09:24 IST" name="teardown" finished-at="2026-01-04T23:09:24 IST" duration-ms="243" status="PASS">
          <reporter-output>
          </reporter-output>
        </test-method> <!-- teardown -->
        <test-method is-config="true" signature="launchApplication()[pri:0, instance:rahulshettyacademy.tests.SubmitOrderTestF@1a6d8329]" started-at="2026-01-04T23:09:24 IST" name="launchApplication" finished-at="2026-01-04T23:09:29 IST" duration-ms="4482" status="PASS">
          <reporter-output>
          </reporter-output>
        </test-method> <!-- launchApplication -->
        <test-method signature="SubmitOrder(java.util.HashMap)[pri:0, instance:rahulshettyacademy.tests.SubmitOrderTestF@1a6d8329]" started-at="2026-01-04T23:09:29 IST" name="SubmitOrder" data-provider="getData" finished-at="2026-01-04T23:09:35 IST" duration-ms="6340" status="PASS">
          <params>
            <param index="0">
              <value>
                <![CDATA[{pass=Nikhil@6799, productname=ADIDAS ORIGINAL, email=nikhilgaikwad6799@gmail.com}]]>
              </value>
            </param>
          </params>
          <reporter-output>
          </reporter-output>
        </test-method> <!-- SubmitOrder -->
        <test-method is-config="true" signature="teardown()[pri:0, instance:rahulshettyacademy.tests.SubmitOrderTestF@1a6d8329]" started-at="2026-01-04T23:09:35 IST" name="teardown" finished-at="2026-01-04T23:09:35 IST" duration-ms="258" status="PASS">
          <reporter-output>
          </reporter-output>
        </test-method> <!-- teardown -->
      </class> <!-- rahulshettyacademy.tests.SubmitOrderTestF -->
    </test> <!-- SubmitOrderTestF -->
    <test started-at="2026-01-04T23:09:36 IST" name="ErrorValidationTestF" finished-at="2026-01-04T23:09:52 IST" duration-ms="15758">
      <class name="rahulshettyacademy.tests.ErrorValidationTestF">
        <test-method is-config="true" signature="launchApplication()[pri:0, instance:rahulshettyacademy.tests.ErrorValidationTestF@5e2c3d18]" started-at="2026-01-04T23:09:36 IST" name="launchApplication" finished-at="2026-01-04T23:09:41 IST" duration-ms="4466" status="PASS">
          <reporter-output>
          </reporter-output>
        </test-method> <!-- launchApplication -->
        <test-method signature="LoginValidation()[pri:0, instance:rahulshettyacademy.tests.ErrorValidationTestF@5e2c3d18]" started-at="2026-01-04T23:09:41 IST" name="LoginValidation" finished-at="2026-01-04T23:09:42 IST" duration-ms="839" status="PASS">
          <reporter-output>
          </reporter-output>
        </test-method> <!-- LoginValidation -->
        <test-method is-config="true" signature="teardown()[pri:0, instance:rahulshettyacademy.tests.ErrorValidationTestF@5e2c3d18]" started-at="2026-01-04T23:09:42 IST" name="teardown" finished-at="2026-01-04T23:09:42 IST" duration-ms="198" status="PASS">
          <reporter-output>
          </reporter-output>
        </test-method> <!-- teardown -->
        <test-method is-config="true" signature="launchApplication()[pri:0, instance:rahulshettyacademy.tests.ErrorValidationTestF@5e2c3d18]" started-at="2026-01-04T23:09:42 IST" name="launchApplication" finished-at="2026-01-04T23:09:47 IST" duration-ms="5286" status="PASS">
          <reporter-output>
          </reporter-output>
        </test-method> <!-- launchApplication -->
        <test-method signature="submitOrderValidation()[pri:0, instance:rahulshettyacademy.tests.ErrorValidationTestF@5e2c3d18]" started-at="2026-01-04T23:09:47 IST" name="submitOrderValidation" finished-at="2026-01-04T23:09:52 IST" duration-ms="4670" status="PASS">
          <reporter-output>
          </reporter-output>
        </test-method> <!-- submitOrderValidation -->
        <test-method is-config="true" signature="teardown()[pri:0, instance:rahulshettyacademy.tests.ErrorValidationTestF@5e2c3d18]" started-at="2026-01-04T23:09:52 IST" name="teardown" finished-at="2026-01-04T23:09:52 IST" duration-ms="287" status="PASS">
          <reporter-output>
          </reporter-output>
        </test-method> <!-- teardown -->
      </class> <!-- rahulshettyacademy.tests.ErrorValidationTestF -->
    </test> <!-- ErrorValidationTestF -->
  </suite> <!-- Suite -->
</testng-results>
