<?xml version="1.0" encoding="UTF-8"?>
<!-- Generated by org.testng.reporters.JUnitReportReporter -->
<testsuite hostname="Nikhil" failures="0" tests="3" name="rahulshettyacademy.tests.SubmitOrderTestF" time="28.825" errors="0" timestamp="2026-01-04T18:47:58 IST" skipped="1">
  <testcase classname="rahulshettyacademy.tests.SubmitOrderTestF" name="SubmitOrder" time="12.225"/>
  <testcase classname="rahulshettyacademy.tests.SubmitOrderTestF" name="SubmitOrder" time="16.600"/>
  <testcase classname="rahulshettyacademy.tests.SubmitOrderTestF" name="OrderHistoryPage">
    <skipped/>
  </testcase> <!-- OrderHistoryPage -->
</testsuite> <!-- rahulshettyacademy.tests.SubmitOrderTestF -->
