<?xml version="1.0" encoding="UTF-8"?>
<!-- Generated by org.testng.reporters.JUnitReportReporter -->
<testsuite hostname="Nikhil" failures="0" tests="3" name="rahulshettyacademy.tests.SubmitOrderTestF" time="25.346" errors="0" timestamp="2026-01-04T23:09:52 IST" skipped="1">
  <testcase classname="rahulshettyacademy.tests.SubmitOrderTestF" name="SubmitOrder" time="14.504"/>
  <testcase classname="rahulshettyacademy.tests.SubmitOrderTestF" name="SubmitOrder" time="10.842"/>
  <testcase classname="rahulshettyacademy.tests.SubmitOrderTestF" name="OrderHistoryPage">
    <skipped/>
  </testcase> <!-- OrderHistoryPage -->
</testsuite> <!-- rahulshettyacademy.tests.SubmitOrderTestF -->
