<?xml version="1.0" encoding="UTF-8"?>
<!-- Generated by org.testng.reporters.JUnitReportReporter -->
<testsuite hostname="Nikhil" failures="0" tests="2" name="rahulshettyacademy.tests.ErrorValidationTestF" time="15.746" errors="0" timestamp="2026-01-04T23:09:52 IST" skipped="0">
  <testcase classname="rahulshettyacademy.tests.ErrorValidationTestF" name="submitOrderValidation" time="9.423"/>
  <testcase classname="rahulshettyacademy.tests.ErrorValidationTestF" name="LoginValidation" time="6.323"/>
</testsuite> <!-- rahulshettyacademy.tests.ErrorValidationTestF -->
